Performing C++ SOURCE FILE Test CMAKE_HAVE_LIBC_PTHREAD failed with the following output:
Change Dir: /mnt/data/yandex_practicum/cpp-transport-catalogue/build/CMakeFiles/CMakeTmp

Run Build Command(s):/usr/local/bin/gmake -f Makefile cmTC_25ee0/fast && /usr/local/bin/gmake  -f CMakeFiles/cmTC_25ee0.dir/build.make CMakeFiles/cmTC_25ee0.dir/build
gmake[1]: Entering directory '/mnt/data/yandex_practicum/cpp-transport-catalogue/build/CMakeFiles/CMakeTmp'
Building CXX object CMakeFiles/cmTC_25ee0.dir/src.cxx.o
/usr/bin/c++ -DCMAKE_HAVE_LIBC_PTHREAD  -std=gnu++17 -MD -MT CMakeFiles/cmTC_25ee0.dir/src.cxx.o -MF CMakeFiles/cmTC_25ee0.dir/src.cxx.o.d -o CMakeFiles/cmTC_25ee0.dir/src.cxx.o -c /mnt/data/yandex_practicum/cpp-transport-catalogue/build/CMakeFiles/CMakeTmp/src.cxx
Linking CXX executable cmTC_25ee0
/usr/local/bin/cmake -E cmake_link_script CMakeFiles/cmTC_25ee0.dir/link.txt --verbose=1
/usr/bin/c++ CMakeFiles/cmTC_25ee0.dir/src.cxx.o -o cmTC_25ee0 
ld: error: undefined symbol: pthread_create
>>> referenced by src.cxx
>>>               CMakeFiles/cmTC_25ee0.dir/src.cxx.o:(main)
c++: error: linker command failed with exit code 1 (use -v to see invocation)
gmake[1]: *** [CMakeFiles/cmTC_25ee0.dir/build.make:100: cmTC_25ee0] Error 1
gmake[1]: Leaving directory '/mnt/data/yandex_practicum/cpp-transport-catalogue/build/CMakeFiles/CMakeTmp'
gmake: *** [Makefile:127: cmTC_25ee0/fast] Error 2


Source file was:
#include <pthread.h>

static void* test_func(void* data)
{
  return data;
}

int main(void)
{
  pthread_t thread;
  pthread_create(&thread, NULL, test_func, NULL);
  pthread_detach(thread);
  pthread_cancel(thread);
  pthread_join(thread, NULL);
  pthread_atfork(NULL, NULL, NULL);
  pthread_exit(NULL);

  return 0;
}

Determining if the function pthread_create exists in the pthreads failed with the following output:
Change Dir: /mnt/data/yandex_practicum/cpp-transport-catalogue/build/CMakeFiles/CMakeTmp

Run Build Command(s):/usr/local/bin/gmake -f Makefile cmTC_60d7a/fast && /usr/local/bin/gmake  -f CMakeFiles/cmTC_60d7a.dir/build.make CMakeFiles/cmTC_60d7a.dir/build
gmake[1]: Entering directory '/mnt/data/yandex_practicum/cpp-transport-catalogue/build/CMakeFiles/CMakeTmp'
Building CXX object CMakeFiles/cmTC_60d7a.dir/CheckFunctionExists.cxx.o
/usr/bin/c++   -DCHECK_FUNCTION_EXISTS=pthread_create -std=gnu++17 -MD -MT CMakeFiles/cmTC_60d7a.dir/CheckFunctionExists.cxx.o -MF CMakeFiles/cmTC_60d7a.dir/CheckFunctionExists.cxx.o.d -o CMakeFiles/cmTC_60d7a.dir/CheckFunctionExists.cxx.o -c /mnt/data/yandex_practicum/cpp-transport-catalogue/build/CMakeFiles/CheckLibraryExists/CheckFunctionExists.cxx
Linking CXX executable cmTC_60d7a
/usr/local/bin/cmake -E cmake_link_script CMakeFiles/cmTC_60d7a.dir/link.txt --verbose=1
/usr/bin/c++  -DCHECK_FUNCTION_EXISTS=pthread_create CMakeFiles/cmTC_60d7a.dir/CheckFunctionExists.cxx.o -o cmTC_60d7a  -lpthreads 
ld: error: unable to find library -lpthreads
c++: error: linker command failed with exit code 1 (use -v to see invocation)
gmake[1]: *** [CMakeFiles/cmTC_60d7a.dir/build.make:100: cmTC_60d7a] Error 1
gmake[1]: Leaving directory '/mnt/data/yandex_practicum/cpp-transport-catalogue/build/CMakeFiles/CMakeTmp'
gmake: *** [Makefile:127: cmTC_60d7a/fast] Error 2



